2025-08-25 16:51:36 | INFO | investor_happy | Loading data from data\raw\x_all_250811.xlsx ...
2025-08-25 20:20:30 | INFO | investor_happy | Loading data from data\raw\x_all_250811.xlsx ...
2025-08-25 20:20:36 | INFO | investor_happy | #rows=6108, #num=83, #cat=16
2025-08-25 20:20:39 | INFO | investor_happy | Running benchmark ...
2025-08-25 20:35:44 | INFO | investor_happy | Loading data from data\raw\x_all_250811.xlsx ...
2025-08-25 20:35:51 | INFO | investor_happy | #rows=6108, #num=83, #cat=16
2025-08-25 20:35:53 | INFO | investor_happy | Running benchmark ...
2025-08-25 20:51:12 | INFO | investor_happy | Loading data from data\raw\x_all_250811.xlsx ...
2025-08-25 20:51:17 | INFO | investor_happy | #rows=6108, #num=83, #cat=16
2025-08-25 20:51:18 | INFO | investor_happy | Running benchmark ...
2025-08-25 20:59:28 | INFO | investor_happy | Loading data from data\raw\x_all_250811.xlsx ...
2025-08-25 20:59:33 | INFO | investor_happy | #rows=6108, #num=83, #cat=16
2025-08-25 20:59:34 | INFO | investor_happy | Running benchmark ...
2025-08-25 21:43:06 | INFO | investor_happy | Loading data from data\raw\x_all_250811.xlsx ...
2025-08-25 21:43:12 | INFO | investor_happy | #rows=6108, #num=83, #cat=16
2025-08-25 21:43:14 | INFO | investor_happy | Running benchmark ...
2025-08-25 21:43:14 | INFO | investor_happy | >>> Benchmark started
2025-08-25 21:43:14 | INFO | investor_happy | [1/14] ==> Training & evaluating: logistic
2025-08-25 21:43:15 | INFO | investor_happy | [logistic] base_acc=0.5728, macro_f1=0.5661, qwk=0.5180, ext_cov%=67.65, ext_macro_f1%(ext)=72.75
2025-08-25 21:43:15 | INFO | investor_happy | [logistic] done in 1.6s
2025-08-25 21:43:15 | INFO | investor_happy | [2/14] ==> Training & evaluating: ridge
2025-08-25 21:43:18 | INFO | investor_happy | [ridge] base_acc=0.5641, macro_f1=0.5552, qwk=0.5187, ext_cov%=73.49, ext_macro_f1%(ext)=72.01
2025-08-25 21:43:18 | INFO | investor_happy | [ridge] done in 3.2s
2025-08-25 21:43:18 | INFO | investor_happy | [3/14] ==> Training & evaluating: rf
2025-08-25 21:43:23 | INFO | investor_happy | [rf] base_acc=0.6274, macro_f1=0.6157, qwk=0.5705, ext_cov%=65.25, ext_macro_f1%(ext)=75.98
2025-08-25 21:43:23 | INFO | investor_happy | [rf] done in 4.8s
2025-08-25 21:43:23 | INFO | investor_happy | [4/14] ==> Training & evaluating: et
2025-08-25 21:43:27 | INFO | investor_happy | [et] base_acc=0.6197, macro_f1=0.6090, qwk=0.5560, ext_cov%=61.97, ext_macro_f1%(ext)=76.29
2025-08-25 21:43:27 | INFO | investor_happy | [et] done in 3.6s
2025-08-25 21:43:27 | INFO | investor_happy | [5/14] ==> Training & evaluating: svc
2025-08-25 21:43:34 | INFO | investor_happy | [svc] base_acc=0.6318, macro_f1=0.6200, qwk=0.5655, ext_cov%=64.54, ext_macro_f1%(ext)=76.11
2025-08-25 21:43:34 | INFO | investor_happy | [svc] done in 7.5s
2025-08-25 21:43:34 | INFO | investor_happy | [6/14] ==> Training & evaluating: linSVC
2025-08-25 21:43:42 | INFO | investor_happy | [linSVC] base_acc=0.5685, macro_f1=0.5573, qwk=0.5075, ext_cov%=72.72, ext_macro_f1%(ext)=71.62
2025-08-25 21:43:42 | INFO | investor_happy | [linSVC] done in 7.5s
2025-08-25 21:43:42 | INFO | investor_happy | [7/14] ==> Training & evaluating: sgd
2025-08-25 21:43:43 | INFO | investor_happy | [sgd] base_acc=0.5068, macro_f1=0.4978, qwk=0.4072, ext_cov%=62.52, ext_macro_f1%(ext)=65.91
2025-08-25 21:43:43 | INFO | investor_happy | [sgd] done in 0.9s
2025-08-25 21:43:43 | INFO | investor_happy | [8/14] ==> Training & evaluating: knn
2025-08-25 21:43:47 | INFO | investor_happy | [knn] base_acc=0.6099, macro_f1=0.6019, qwk=0.5445, ext_cov%=64.76, ext_macro_f1%(ext)=74.80
2025-08-25 21:43:47 | INFO | investor_happy | [knn] done in 3.9s
2025-08-25 21:43:47 | INFO | investor_happy | [9/14] ==> Training & evaluating: gnb
2025-08-25 21:43:47 | INFO | investor_happy | [gnb] base_acc=0.5292, macro_f1=0.4204, qwk=0.4530, ext_cov%=99.84, ext_macro_f1%(ext)=62.95
2025-08-25 21:43:47 | INFO | investor_happy | [gnb] done in 0.7s
2025-08-25 21:43:47 | INFO | investor_happy | [10/14] ==> Training & evaluating: lgb
2025-08-25 21:43:53 | INFO | investor_happy | [lgb] base_acc=0.6159, macro_f1=0.6130, qwk=0.5598, ext_cov%=62.68, ext_macro_f1%(ext)=76.07
2025-08-25 21:43:53 | INFO | investor_happy | [lgb] done in 5.4s
2025-08-25 21:43:53 | INFO | investor_happy | [11/14] ==> Training & evaluating: xgb
2025-08-25 21:44:03 | INFO | investor_happy | [xgb] base_acc=0.6154, macro_f1=0.6114, qwk=0.5666, ext_cov%=63.12, ext_macro_f1%(ext)=76.84
2025-08-25 21:44:03 | INFO | investor_happy | [xgb] done in 10.2s
2025-08-25 21:44:03 | INFO | investor_happy | [12/14] ==> Training & evaluating: cat
2025-08-25 21:44:29 | INFO | investor_happy | [cat] base_acc=0.6378, macro_f1=0.6301, qwk=0.5874, ext_cov%=66.01, ext_macro_f1%(ext)=76.82
2025-08-25 21:44:29 | INFO | investor_happy | [cat] done in 26.0s
2025-08-25 21:44:29 | INFO | investor_happy | [13/14] ==> Training & evaluating: mlp
2025-08-25 21:44:39 | INFO | investor_happy | [mlp] base_acc=0.6045, macro_f1=0.5992, qwk=0.5520, ext_cov%=63.99, ext_macro_f1%(ext)=74.88
2025-08-25 21:44:39 | INFO | investor_happy | [mlp] done in 10.3s
2025-08-25 21:44:39 | INFO | investor_happy | [14/14] ==> Training & evaluating: ext3
2025-08-25 21:44:41 | INFO | investor_happy | [ext3] ERROR: 'NoneType' object has no attribute 'fit'
2025-08-25 21:44:41 | INFO | investor_happy | Traceback (most recent call last):
  File "D:\Users\shenl\code\investor_happy\src\investor_happy\eval.py", line 242, in run_reject_benchmark
    base = base_eval_with_proba(model, Xtr_t, ytr, Xte_t, yte, name=name)
           ^^^^^^^^^^^^^^^^^^^^^^^^^^^^^^^^^^^^^^^^^^^^^^^^^^^^^^^^^^^^^^
  File "D:\Users\shenl\code\investor_happy\src\investor_happy\eval.py", line 135, in base_eval_with_proba
    mdl = fit_with_proba(model, Xtr, ytr)
          ^^^^^^^^^^^^^^^^^^^^^^^^^^^^^^^
  File "D:\Users\shenl\code\investor_happy\src\investor_happy\eval.py", line 76, in fit_with_proba
    return m.fit(Xtr, ytr)
           ^^^^^^^^^^^^^^^
  File "D:\Users\shenl\code\investor_happy\src\investor_happy\stacking.py", line 463, in fit
    self.det0_ = self._new_stack().fit(X_df, y0)
                 ^^^^^^^^^^^^^^^^^^^^^^^^^^^^^^^
  File "D:\Users\shenl\code\investor_happy\src\investor_happy\stacking.py", line 193, in fit
    est_fold.fit(Xtr_t, ytr)
    ^^^^^^^^^^^^
AttributeError: 'NoneType' object has no attribute 'fit'

2025-08-25 21:44:41 | INFO | investor_happy | <<< Benchmark finished in 87.0s
2025-08-25 21:44:41 | INFO | investor_happy | Saved: outputs\base_models_base.csv
2025-08-25 21:44:41 | INFO | investor_happy | Saved: outputs\base_models_cov.csv
2025-08-25 21:44:41 | INFO | investor_happy | Saved: outputs\base_models_aurc.csv
2025-08-25 21:44:41 | INFO | investor_happy | Saved: outputs\base_models_ext_reports.json
2025-08-25 21:44:41 | INFO | investor_happy | 
Top-5 models by base_macro_f1%:
   model  base_acc%  base_macro_f1%  base_qwk  prauc_c0%  rec90_c0%  prauc_c2%  rec90_c2%  ext_cov%  ext_macro_f1%(ext)
11   cat      63.78           63.01     0.587      70.11      16.92      79.24      29.14     66.01               76.82
4    svc      63.18           62.00     0.566      60.95       0.60      72.77       0.00     64.54               76.11
2     rf      62.74           61.57     0.571      69.31      15.71      78.97      29.14     65.25               75.98
9    lgb      61.59           61.30     0.560      69.03      20.54      79.57      33.13     62.68               76.07
10   xgb      61.54           61.14     0.567      69.12      16.62      78.85      31.38     63.12               76.84
2025-08-25 21:49:36 | INFO | investor_happy | Loading data from data\raw\x_all_250811.xlsx ...
2025-08-25 21:49:43 | INFO | investor_happy | #rows=6108, #num=83, #cat=16
2025-08-25 21:49:44 | INFO | investor_happy | Running benchmark ...
2025-08-25 21:49:44 | INFO | investor_happy | >>> Benchmark started
2025-08-25 21:49:44 | INFO | investor_happy | [1/14] ==> Training & evaluating: logistic
2025-08-25 21:49:45 | INFO | investor_happy | [logistic] base_acc=0.5728, macro_f1=0.5661, qwk=0.5180, ext_cov%=67.65, ext_macro_f1%(ext)=72.75
2025-08-25 21:49:45 | INFO | investor_happy | [logistic] done in 1.1s
2025-08-25 21:49:45 | INFO | investor_happy | [2/14] ==> Training & evaluating: ridge
2025-08-25 21:49:49 | INFO | investor_happy | [ridge] base_acc=0.5641, macro_f1=0.5552, qwk=0.5187, ext_cov%=73.49, ext_macro_f1%(ext)=72.01
2025-08-25 21:49:49 | INFO | investor_happy | [ridge] done in 4.0s
2025-08-25 21:49:49 | INFO | investor_happy | [3/14] ==> Training & evaluating: rf
2025-08-25 21:49:54 | INFO | investor_happy | [rf] base_acc=0.6274, macro_f1=0.6157, qwk=0.5705, ext_cov%=65.25, ext_macro_f1%(ext)=75.98
2025-08-25 21:49:54 | INFO | investor_happy | [rf] done in 5.2s
2025-08-25 21:49:54 | INFO | investor_happy | [4/14] ==> Training & evaluating: et
2025-08-25 21:49:58 | INFO | investor_happy | [et] base_acc=0.6197, macro_f1=0.6090, qwk=0.5560, ext_cov%=61.97, ext_macro_f1%(ext)=76.29
2025-08-25 21:49:58 | INFO | investor_happy | [et] done in 3.7s
2025-08-25 21:49:58 | INFO | investor_happy | [5/14] ==> Training & evaluating: svc
2025-08-25 21:50:06 | INFO | investor_happy | [svc] base_acc=0.6318, macro_f1=0.6200, qwk=0.5655, ext_cov%=64.54, ext_macro_f1%(ext)=76.11
2025-08-25 21:50:06 | INFO | investor_happy | [svc] done in 7.6s
2025-08-25 21:50:06 | INFO | investor_happy | [6/14] ==> Training & evaluating: linSVC
2025-08-25 21:50:14 | INFO | investor_happy | [linSVC] base_acc=0.5685, macro_f1=0.5573, qwk=0.5075, ext_cov%=72.72, ext_macro_f1%(ext)=71.62
2025-08-25 21:50:14 | INFO | investor_happy | [linSVC] done in 8.0s
2025-08-25 21:50:14 | INFO | investor_happy | [7/14] ==> Training & evaluating: sgd
2025-08-25 21:50:15 | INFO | investor_happy | [sgd] base_acc=0.5068, macro_f1=0.4978, qwk=0.4072, ext_cov%=62.52, ext_macro_f1%(ext)=65.91
2025-08-25 21:50:15 | INFO | investor_happy | [sgd] done in 1.1s
2025-08-25 21:50:15 | INFO | investor_happy | [8/14] ==> Training & evaluating: knn
2025-08-25 21:50:18 | INFO | investor_happy | [knn] base_acc=0.6099, macro_f1=0.6019, qwk=0.5445, ext_cov%=64.76, ext_macro_f1%(ext)=74.80
2025-08-25 21:50:18 | INFO | investor_happy | [knn] done in 3.4s
2025-08-25 21:50:18 | INFO | investor_happy | [9/14] ==> Training & evaluating: gnb
2025-08-25 21:50:19 | INFO | investor_happy | [gnb] base_acc=0.5292, macro_f1=0.4204, qwk=0.4530, ext_cov%=99.84, ext_macro_f1%(ext)=62.95
2025-08-25 21:50:19 | INFO | investor_happy | [gnb] done in 0.7s
2025-08-25 21:50:19 | INFO | investor_happy | [10/14] ==> Training & evaluating: lgb
2025-08-25 21:50:26 | INFO | investor_happy | [lgb] base_acc=0.6159, macro_f1=0.6130, qwk=0.5598, ext_cov%=62.68, ext_macro_f1%(ext)=76.07
2025-08-25 21:50:26 | INFO | investor_happy | [lgb] done in 7.1s
2025-08-25 21:50:26 | INFO | investor_happy | [11/14] ==> Training & evaluating: xgb
2025-08-25 21:50:37 | INFO | investor_happy | [xgb] base_acc=0.6154, macro_f1=0.6114, qwk=0.5666, ext_cov%=63.12, ext_macro_f1%(ext)=76.84
2025-08-25 21:50:37 | INFO | investor_happy | [xgb] done in 11.1s
2025-08-25 21:50:37 | INFO | investor_happy | [12/14] ==> Training & evaluating: cat
2025-08-25 21:51:02 | INFO | investor_happy | [cat] base_acc=0.6378, macro_f1=0.6301, qwk=0.5874, ext_cov%=66.01, ext_macro_f1%(ext)=76.82
2025-08-25 21:51:02 | INFO | investor_happy | [cat] done in 24.8s
2025-08-25 21:51:02 | INFO | investor_happy | [13/14] ==> Training & evaluating: mlp
2025-08-25 21:51:12 | INFO | investor_happy | [mlp] base_acc=0.6045, macro_f1=0.5992, qwk=0.5520, ext_cov%=63.99, ext_macro_f1%(ext)=74.88
2025-08-25 21:51:12 | INFO | investor_happy | [mlp] done in 10.3s
2025-08-25 21:51:12 | INFO | investor_happy | [14/14] ==> Training & evaluating: ext3
2025-08-25 22:09:11 | INFO | investor_happy | Loading data from data\raw\x_all_250811.xlsx ...
2025-08-25 22:09:17 | INFO | investor_happy | #rows=6108, #num=83, #cat=16
2025-08-25 22:09:19 | INFO | investor_happy | Running benchmark ...
2025-08-25 22:09:19 | INFO | investor_happy | >>> Benchmark started
2025-08-25 22:09:19 | INFO | investor_happy | [1/14] ==> Training & evaluating: logistic
2025-08-25 22:09:20 | INFO | investor_happy | [logistic] base_acc=0.5728, macro_f1=0.5661, qwk=0.5180, ext_cov%=67.65, ext_macro_f1%(ext)=72.75
2025-08-25 22:09:20 | INFO | investor_happy | [logistic] done in 1.2s
2025-08-25 22:09:20 | INFO | investor_happy | [2/14] ==> Training & evaluating: ridge
2025-08-25 22:09:23 | INFO | investor_happy | [ridge] base_acc=0.5641, macro_f1=0.5552, qwk=0.5187, ext_cov%=73.49, ext_macro_f1%(ext)=72.01
2025-08-25 22:09:23 | INFO | investor_happy | [ridge] done in 3.3s
2025-08-25 22:09:23 | INFO | investor_happy | [3/14] ==> Training & evaluating: rf
2025-08-25 22:09:29 | INFO | investor_happy | [rf] base_acc=0.6274, macro_f1=0.6157, qwk=0.5705, ext_cov%=65.25, ext_macro_f1%(ext)=75.98
2025-08-25 22:09:29 | INFO | investor_happy | [rf] done in 5.5s
2025-08-25 22:09:29 | INFO | investor_happy | [4/14] ==> Training & evaluating: et
2025-08-25 22:09:32 | INFO | investor_happy | [et] base_acc=0.6197, macro_f1=0.6090, qwk=0.5560, ext_cov%=61.97, ext_macro_f1%(ext)=76.29
2025-08-25 22:09:32 | INFO | investor_happy | [et] done in 3.6s
2025-08-25 22:09:32 | INFO | investor_happy | [5/14] ==> Training & evaluating: svc
2025-08-25 22:09:40 | INFO | investor_happy | [svc] base_acc=0.6318, macro_f1=0.6200, qwk=0.5655, ext_cov%=64.54, ext_macro_f1%(ext)=76.11
2025-08-25 22:09:40 | INFO | investor_happy | [svc] done in 7.6s
2025-08-25 22:09:40 | INFO | investor_happy | [6/14] ==> Training & evaluating: linSVC
2025-08-25 22:09:48 | INFO | investor_happy | [linSVC] base_acc=0.5685, macro_f1=0.5573, qwk=0.5075, ext_cov%=72.72, ext_macro_f1%(ext)=71.62
2025-08-25 22:09:48 | INFO | investor_happy | [linSVC] done in 7.9s
2025-08-25 22:09:48 | INFO | investor_happy | [7/14] ==> Training & evaluating: sgd
2025-08-25 22:09:49 | INFO | investor_happy | [sgd] base_acc=0.5068, macro_f1=0.4978, qwk=0.4072, ext_cov%=62.52, ext_macro_f1%(ext)=65.91
2025-08-25 22:09:49 | INFO | investor_happy | [sgd] done in 1.1s
2025-08-25 22:09:49 | INFO | investor_happy | [8/14] ==> Training & evaluating: knn
2025-08-25 22:09:53 | INFO | investor_happy | [knn] base_acc=0.6099, macro_f1=0.6019, qwk=0.5445, ext_cov%=64.76, ext_macro_f1%(ext)=74.80
2025-08-25 22:09:53 | INFO | investor_happy | [knn] done in 3.9s
2025-08-25 22:09:53 | INFO | investor_happy | [9/14] ==> Training & evaluating: gnb
2025-08-25 22:09:53 | INFO | investor_happy | [gnb] base_acc=0.5292, macro_f1=0.4204, qwk=0.4530, ext_cov%=99.84, ext_macro_f1%(ext)=62.95
2025-08-25 22:09:54 | INFO | investor_happy | [gnb] done in 0.8s
2025-08-25 22:09:54 | INFO | investor_happy | [10/14] ==> Training & evaluating: lgb
2025-08-25 22:10:02 | INFO | investor_happy | [lgb] base_acc=0.6159, macro_f1=0.6130, qwk=0.5598, ext_cov%=62.68, ext_macro_f1%(ext)=76.07
2025-08-25 22:10:03 | INFO | investor_happy | [lgb] done in 8.9s
2025-08-25 22:10:03 | INFO | investor_happy | [11/14] ==> Training & evaluating: xgb
2025-08-25 22:10:16 | INFO | investor_happy | [xgb] base_acc=0.6154, macro_f1=0.6114, qwk=0.5666, ext_cov%=63.12, ext_macro_f1%(ext)=76.84
2025-08-25 22:10:16 | INFO | investor_happy | [xgb] done in 13.8s
2025-08-25 22:10:16 | INFO | investor_happy | [12/14] ==> Training & evaluating: cat
2025-08-25 22:10:47 | INFO | investor_happy | [cat] base_acc=0.6378, macro_f1=0.6301, qwk=0.5874, ext_cov%=66.01, ext_macro_f1%(ext)=76.82
2025-08-25 22:10:47 | INFO | investor_happy | [cat] done in 30.4s
2025-08-25 22:10:47 | INFO | investor_happy | [13/14] ==> Training & evaluating: mlp
2025-08-25 22:10:56 | INFO | investor_happy | [mlp] base_acc=0.6045, macro_f1=0.5992, qwk=0.5520, ext_cov%=63.99, ext_macro_f1%(ext)=74.88
2025-08-25 22:10:56 | INFO | investor_happy | [mlp] done in 9.4s
2025-08-25 22:10:56 | INFO | investor_happy | [14/14] ==> Training & evaluating: ext3
2025-08-25 22:50:54 | INFO | investor_happy | [ext3] base_acc=0.6312, macro_f1=0.6205, qwk=0.5879, ext_cov%=58.87, ext_macro_f1%(ext)=79.41
2025-08-25 22:50:55 | INFO | investor_happy | [ext3] done in 2398.4s
2025-08-25 22:50:55 | INFO | investor_happy | <<< Benchmark finished in 2495.9s
2025-08-25 22:50:55 | INFO | investor_happy | Saved: outputs\base_models_base.csv
2025-08-25 22:50:55 | INFO | investor_happy | Saved: outputs\base_models_cov.csv
2025-08-25 22:50:55 | INFO | investor_happy | Saved: outputs\base_models_aurc.csv
2025-08-25 22:50:55 | INFO | investor_happy | Saved: outputs\base_models_ext_reports.json
2025-08-25 22:50:55 | INFO | investor_happy | 
Top-5 models by base_macro_f1%:
   model  base_acc%  base_macro_f1%  base_qwk  prauc_c0%  rec90_c0%  prauc_c2%  rec90_c2%  ext_cov%  ext_macro_f1%(ext)
11   cat      63.78           63.01     0.587      70.11      16.92      79.24      29.14     66.01               76.82
13  ext3      63.12           62.05     0.588      69.43      17.22      79.47      29.64     58.87               79.41
4    svc      63.18           62.00     0.566      60.95       0.60      72.77       0.00     64.54               76.11
2     rf      62.74           61.57     0.571      69.31      15.71      78.97      29.14     65.25               75.98
9    lgb      61.59           61.30     0.560      69.03      20.54      79.57      33.13     62.68               76.07
2025-08-26 00:06:21 | INFO | investor_happy | Loading data from data/raw/x_all_250811.xlsx ...
2025-08-26 00:07:19 | INFO | investor_happy | Loading data from data/raw/x_all_250811.xlsx ...
2025-08-26 00:07:26 | INFO | investor_happy | #rows=6108, #num=83, #cat=16
2025-08-26 00:07:29 | INFO | investor_happy | Running benchmark ...
2025-08-26 00:07:29 | INFO | investor_happy | >>> Benchmark started
2025-08-26 00:07:29 | INFO | investor_happy | [1/14] ==> Training & evaluating: logistic
2025-08-26 00:07:30 | INFO | investor_happy | [logistic] base_acc=0.5717, macro_f1=0.5650, qwk=0.5149, ext_cov%=67.48, ext_macro_f1%(ext)=72.59
2025-08-26 00:07:30 | INFO | investor_happy | [logistic] done in 0.9s
2025-08-26 00:07:30 | INFO | investor_happy | [2/14] ==> Training & evaluating: ridge
2025-08-26 00:07:32 | INFO | investor_happy | [ridge] base_acc=0.5646, macro_f1=0.5562, qwk=0.5199, ext_cov%=73.16, ext_macro_f1%(ext)=72.13
2025-08-26 00:07:32 | INFO | investor_happy | [ridge] done in 2.6s
2025-08-26 00:07:32 | INFO | investor_happy | [3/14] ==> Training & evaluating: rf
2025-08-26 00:07:37 | INFO | investor_happy | [rf] base_acc=0.6268, macro_f1=0.6138, qwk=0.5670, ext_cov%=65.90, ext_macro_f1%(ext)=75.44
2025-08-26 00:07:37 | INFO | investor_happy | [rf] done in 4.2s
2025-08-26 00:07:37 | INFO | investor_happy | [4/14] ==> Training & evaluating: et
2025-08-26 00:07:39 | INFO | investor_happy | [et] base_acc=0.6187, macro_f1=0.6076, qwk=0.5497, ext_cov%=62.08, ext_macro_f1%(ext)=75.80
2025-08-26 00:07:39 | INFO | investor_happy | [et] done in 2.4s
2025-08-26 00:07:39 | INFO | investor_happy | [5/14] ==> Training & evaluating: svc
2025-08-26 00:07:50 | INFO | investor_happy | [svc] base_acc=0.6296, macro_f1=0.6179, qwk=0.5631, ext_cov%=64.43, ext_macro_f1%(ext)=76.00
2025-08-26 00:07:50 | INFO | investor_happy | [svc] done in 11.3s
2025-08-26 00:07:50 | INFO | investor_happy | [6/14] ==> Training & evaluating: linSVC
2025-08-26 00:09:57 | INFO | investor_happy | Loading data from data/raw/x_all_250811.xlsx ...
2025-08-26 00:10:04 | INFO | investor_happy | #rows=6108, #num=83, #cat=16
2025-08-26 00:10:07 | INFO | investor_happy | Running benchmark ...
2025-08-26 00:10:07 | INFO | investor_happy | >>> Benchmark started
2025-08-26 00:10:07 | INFO | investor_happy | [1/14] ==> Training & evaluating: logistic
2025-08-26 00:10:08 | INFO | investor_happy | [logistic] base_acc=0.5717, macro_f1=0.5650, qwk=0.5149, ext_cov%=67.48, ext_macro_f1%(ext)=72.59
2025-08-26 00:10:08 | INFO | investor_happy | [logistic] done in 0.9s
2025-08-26 00:10:08 | INFO | investor_happy | [2/14] ==> Training & evaluating: ridge
2025-08-26 00:10:10 | INFO | investor_happy | [ridge] base_acc=0.5646, macro_f1=0.5562, qwk=0.5199, ext_cov%=73.16, ext_macro_f1%(ext)=72.13
2025-08-26 00:10:10 | INFO | investor_happy | [ridge] done in 2.5s
2025-08-26 00:10:10 | INFO | investor_happy | [3/14] ==> Training & evaluating: rf
2025-08-26 00:10:14 | INFO | investor_happy | [rf] base_acc=0.6268, macro_f1=0.6138, qwk=0.5670, ext_cov%=65.90, ext_macro_f1%(ext)=75.44
2025-08-26 00:10:14 | INFO | investor_happy | [rf] done in 3.9s
2025-08-26 00:10:14 | INFO | investor_happy | [4/14] ==> Training & evaluating: et
2025-08-26 00:10:16 | INFO | investor_happy | [et] base_acc=0.6187, macro_f1=0.6076, qwk=0.5497, ext_cov%=62.08, ext_macro_f1%(ext)=75.80
2025-08-26 00:10:17 | INFO | investor_happy | [et] done in 2.3s
2025-08-26 00:10:17 | INFO | investor_happy | [5/14] ==> Training & evaluating: svc
2025-08-26 00:10:28 | INFO | investor_happy | [svc] base_acc=0.6296, macro_f1=0.6179, qwk=0.5631, ext_cov%=64.43, ext_macro_f1%(ext)=76.00
2025-08-26 00:10:28 | INFO | investor_happy | [svc] done in 11.6s
2025-08-26 00:10:28 | INFO | investor_happy | [6/14] ==> Training & evaluating: linSVC
2025-08-26 00:10:35 | INFO | investor_happy | [linSVC] base_acc=0.5652, macro_f1=0.5548, qwk=0.5030, ext_cov%=72.67, ext_macro_f1%(ext)=71.43
2025-08-26 00:10:35 | INFO | investor_happy | [linSVC] done in 7.2s
2025-08-26 00:10:35 | INFO | investor_happy | [7/14] ==> Training & evaluating: sgd
2025-08-26 00:10:36 | INFO | investor_happy | [sgd] base_acc=0.5052, macro_f1=0.4958, qwk=0.4059, ext_cov%=62.47, ext_macro_f1%(ext)=65.64
2025-08-26 00:10:36 | INFO | investor_happy | [sgd] done in 1.0s
2025-08-26 00:10:36 | INFO | investor_happy | [8/14] ==> Training & evaluating: knn
2025-08-26 00:10:37 | INFO | investor_happy | [knn] base_acc=0.6077, macro_f1=0.6000, qwk=0.5443, ext_cov%=65.03, ext_macro_f1%(ext)=74.83
2025-08-26 00:10:37 | INFO | investor_happy | [knn] done in 0.8s
2025-08-26 00:10:37 | INFO | investor_happy | [9/14] ==> Training & evaluating: gnb
2025-08-26 00:10:38 | INFO | investor_happy | [gnb] base_acc=0.5292, macro_f1=0.4204, qwk=0.4530, ext_cov%=99.84, ext_macro_f1%(ext)=62.95
2025-08-26 00:10:38 | INFO | investor_happy | [gnb] done in 0.6s
2025-08-26 00:10:38 | INFO | investor_happy | [10/14] ==> Training & evaluating: xgb
2025-08-26 00:10:43 | INFO | investor_happy | [xgb] base_acc=0.6170, macro_f1=0.6111, qwk=0.5594, ext_cov%=63.01, ext_macro_f1%(ext)=76.25
2025-08-26 00:10:43 | INFO | investor_happy | [xgb] done in 5.1s
2025-08-26 00:10:43 | INFO | investor_happy | [11/14] ==> Training & evaluating: cat
2025-08-26 00:10:49 | INFO | investor_happy | [cat] base_acc=0.6334, macro_f1=0.6237, qwk=0.5849, ext_cov%=64.87, ext_macro_f1%(ext)=76.59
2025-08-26 00:10:49 | INFO | investor_happy | [cat] done in 6.5s
2025-08-26 00:10:49 | INFO | investor_happy | [12/14] ==> Training & evaluating: mlp
2025-08-26 00:11:21 | INFO | investor_happy | [mlp] base_acc=0.6028, macro_f1=0.5934, qwk=0.5390, ext_cov%=63.12, ext_macro_f1%(ext)=75.20
2025-08-26 00:11:21 | INFO | investor_happy | [mlp] done in 31.7s
2025-08-26 00:11:21 | INFO | investor_happy | [13/14] ==> Training & evaluating: tabpfn
2025-08-26 00:11:59 | INFO | investor_happy | [tabpfn] base_acc=0.6519, macro_f1=0.6358, qwk=0.6164, ext_cov%=74.69, ext_macro_f1%(ext)=76.57
2025-08-26 00:11:59 | INFO | investor_happy | [tabpfn] done in 38.2s
2025-08-26 00:11:59 | INFO | investor_happy | [14/14] ==> Training & evaluating: ext3
2025-08-26 00:46:12 | INFO | investor_happy | Loading data from data/raw/x_all_250811.xlsx ...
2025-08-26 00:46:18 | INFO | investor_happy | #rows=6108, #num=83, #cat=16
2025-08-26 00:47:57 | INFO | investor_happy | Loading data from data/raw/x_all_250811.xlsx ...
2025-08-26 00:48:03 | INFO | investor_happy | #rows=6108, #num=83, #cat=16
2025-08-26 00:50:27 | INFO | investor_happy | Loading data from data/raw/x_all_250811.xlsx ...
2025-08-26 00:50:33 | INFO | investor_happy | #rows=6108, #num=83, #cat=16
2025-08-26 00:50:35 | INFO | investor_happy | Running benchmark ...
2025-08-26 00:50:35 | INFO | investor_happy | >>> Benchmark started
2025-08-26 00:50:35 | INFO | investor_happy | [1/15] ==> Training & evaluating: logistic
2025-08-26 00:50:36 | INFO | investor_happy | [logistic] base_acc=0.5728, macro_f1=0.5661, qwk=0.5157, ext_cov%=67.48, ext_macro_f1%(ext)=72.67
2025-08-26 00:50:36 | INFO | investor_happy | [logistic] done in 1.1s
2025-08-26 00:50:36 | INFO | investor_happy | [2/15] ==> Training & evaluating: ridge
2025-08-26 00:50:38 | INFO | investor_happy | [ridge] base_acc=0.5646, macro_f1=0.5562, qwk=0.5199, ext_cov%=73.16, ext_macro_f1%(ext)=72.13
2025-08-26 00:50:38 | INFO | investor_happy | [ridge] done in 2.7s
2025-08-26 00:50:38 | INFO | investor_happy | [3/15] ==> Training & evaluating: rf
2025-08-26 00:50:41 | INFO | investor_happy | [rf] base_acc=0.6285, macro_f1=0.6167, qwk=0.5732, ext_cov%=65.68, ext_macro_f1%(ext)=75.92
2025-08-26 00:50:41 | INFO | investor_happy | [rf] done in 3.0s
2025-08-26 00:50:41 | INFO | investor_happy | [4/15] ==> Training & evaluating: et
2025-08-26 00:50:43 | INFO | investor_happy | [et] base_acc=0.6192, macro_f1=0.6074, qwk=0.5529, ext_cov%=62.41, ext_macro_f1%(ext)=75.73
2025-08-26 00:50:44 | INFO | investor_happy | [et] done in 2.1s
2025-08-26 00:50:44 | INFO | investor_happy | [5/15] ==> Training & evaluating: svc
2025-08-26 00:50:55 | INFO | investor_happy | [svc] base_acc=0.6296, macro_f1=0.6179, qwk=0.5631, ext_cov%=64.43, ext_macro_f1%(ext)=76.00
2025-08-26 00:50:55 | INFO | investor_happy | [svc] done in 11.3s
2025-08-26 00:50:55 | INFO | investor_happy | [6/15] ==> Training & evaluating: linSVC
2025-08-26 00:51:02 | INFO | investor_happy | [linSVC] base_acc=0.5652, macro_f1=0.5548, qwk=0.5030, ext_cov%=72.67, ext_macro_f1%(ext)=71.43
2025-08-26 00:51:02 | INFO | investor_happy | [linSVC] done in 7.1s
2025-08-26 00:51:02 | INFO | investor_happy | [7/15] ==> Training & evaluating: sgd
2025-08-26 00:51:03 | INFO | investor_happy | [sgd] base_acc=0.5052, macro_f1=0.4958, qwk=0.4059, ext_cov%=62.47, ext_macro_f1%(ext)=65.64
2025-08-26 00:51:03 | INFO | investor_happy | [sgd] done in 1.0s
2025-08-26 00:51:03 | INFO | investor_happy | [8/15] ==> Training & evaluating: knn
2025-08-26 00:51:04 | INFO | investor_happy | [knn] base_acc=0.6077, macro_f1=0.6000, qwk=0.5443, ext_cov%=65.03, ext_macro_f1%(ext)=74.83
2025-08-26 00:51:04 | INFO | investor_happy | [knn] done in 0.8s
2025-08-26 00:51:04 | INFO | investor_happy | [9/15] ==> Training & evaluating: gnb
2025-08-26 00:51:04 | INFO | investor_happy | [gnb] base_acc=0.5292, macro_f1=0.4204, qwk=0.4530, ext_cov%=99.84, ext_macro_f1%(ext)=62.95
2025-08-26 00:51:04 | INFO | investor_happy | [gnb] done in 0.6s
2025-08-26 00:51:04 | INFO | investor_happy | [10/15] ==> Training & evaluating: lgb
2025-08-26 00:51:10 | INFO | investor_happy | [lgb] base_acc=0.6127, macro_f1=0.6089, qwk=0.5656, ext_cov%=62.58, ext_macro_f1%(ext)=76.39
2025-08-26 00:51:10 | INFO | investor_happy | [lgb] done in 5.6s
2025-08-26 00:51:10 | INFO | investor_happy | [11/15] ==> Training & evaluating: xgb
2025-08-26 00:51:15 | INFO | investor_happy | [xgb] base_acc=0.6203, macro_f1=0.6133, qwk=0.5620, ext_cov%=62.90, ext_macro_f1%(ext)=76.44
2025-08-26 00:51:15 | INFO | investor_happy | [xgb] done in 5.5s
2025-08-26 00:51:15 | INFO | investor_happy | [12/15] ==> Training & evaluating: cat
2025-08-26 00:51:22 | INFO | investor_happy | [cat] base_acc=0.6334, macro_f1=0.6258, qwk=0.5794, ext_cov%=66.23, ext_macro_f1%(ext)=76.48
2025-08-26 00:51:22 | INFO | investor_happy | [cat] done in 6.3s
2025-08-26 00:51:22 | INFO | investor_happy | [13/15] ==> Training & evaluating: mlp
2025-08-26 00:51:28 | INFO | investor_happy | [mlp] base_acc=0.6012, macro_f1=0.5946, qwk=0.5336, ext_cov%=64.76, ext_macro_f1%(ext)=73.74
2025-08-26 00:51:28 | INFO | investor_happy | [mlp] done in 6.1s
2025-08-26 00:51:28 | INFO | investor_happy | [14/15] ==> Training & evaluating: tabpfn
2025-08-26 00:51:57 | INFO | investor_happy | [tabpfn] base_acc=0.6547, macro_f1=0.6385, qwk=0.6198, ext_cov%=74.58, ext_macro_f1%(ext)=76.79
2025-08-26 00:51:58 | INFO | investor_happy | [tabpfn] done in 29.8s
2025-08-26 00:51:58 | INFO | investor_happy | [15/15] ==> Training & evaluating: ext3
2025-08-26 01:25:16 | INFO | investor_happy | [ext3] base_acc=0.6350, macro_f1=0.6219, qwk=0.5835, ext_cov%=63.39, ext_macro_f1%(ext)=77.62
2025-08-26 01:25:16 | INFO | investor_happy | [ext3] done in 1998.3s
2025-08-26 01:25:16 | INFO | investor_happy | <<< Benchmark finished in 2081.2s
2025-08-26 01:25:16 | INFO | investor_happy | Saved: outputs/base_models_base.csv
2025-08-26 01:25:16 | INFO | investor_happy | Saved: outputs/base_models_cov.csv
2025-08-26 01:25:16 | INFO | investor_happy | Saved: outputs/base_models_aurc.csv
2025-08-26 01:25:16 | INFO | investor_happy | Saved: outputs/base_models_ext_reports.json
2025-08-26 01:25:16 | INFO | investor_happy | 
Top-5 models by base_macro_f1%:
     model  base_acc%  base_macro_f1%  base_qwk  prauc_c0%  rec90_c0%  prauc_c2%  rec90_c2%  ext_cov%  ext_macro_f1%(ext)
13  tabpfn      65.47           63.85     0.620      70.19      15.41      80.73      34.87     74.58               76.79
11     cat      63.34           62.58     0.579      70.21      17.52      78.30      28.39     66.23               76.48
14    ext3      63.50           62.19     0.584      69.83      16.92      79.91      30.51     63.39               77.62
4      svc      62.96           61.79     0.563      60.96       0.60      72.75       0.00     64.43               76.00
2       rf      62.85           61.67     0.573      69.40      16.62      78.88      28.52     65.68               75.92
2025-08-26 02:00:27 | INFO | investor_happy | 
固化 artifacts，供 Streamlit 读取

